# JRE version: Java(TM) SE Runtime Environment (19.0+36) (build 19+36-2238)
# Java VM: Java HotSpot(TM) 64-Bit Server VM (19+36-2238, mixed mode, sharing, tiered, compressed oops, compressed class ptrs, g1 gc, windows-amd64)
GC Precious Log:
 CardTable entry size: 512
 Card Set container configuration: InlinePtr #cards 5 size 8 Array Of Cards #cards 12 size 40 Howl #buckets 4 coarsen threshold 1843 Howl Bitmap #cards 512 size 80 coarsen threshold 460 Card regions per heap region 1 cards per card region 2048
 CPUs: 12 total, 12 available
 Memory: 7863M
 Large Page Support: Disabled
 NUMA Support: Disabled
 Compressed Oops: Enabled (32-bit)
 Heap Region Size: 1M
 Heap Min Capacity: 8M
 Heap Initial Capacity: 124M
 Heap Max Capacity: 2G
 Pre-touch: Disabled
 Parallel Workers: 10
 Concurrent Workers: 3
 Concurrent Refinement Workers: 10
 Periodic GC: Disabled
Heap:
 garbage-first heap   total 163840K, used 82743K [0x0000000080000000, 0x0000000100000000)
  region size 1024K, 10 young (10240K), 5 survivors (5120K)
 Metaspace       used 77915K, committed 79936K, reserved 552960K
  class space    used 10501K, committed 11584K, reserved 421888K
GC Heap History (20 events):
Event: 27.660 GC heap before
{Heap before GC invocations=10 (full 0):
 garbage-first heap   total 81920K, used 62233K [0x0000000080000000, 0x0000000100000000)
  region size 1024K, 33 young (33792K), 3 survivors (3072K)
 Metaspace       used 37860K, committed 39232K, reserved 487424K
  class space    used 5130K, committed 5824K, reserved 421888K
}
Event: 27.669 GC heap after
{Heap after GC invocations=11 (full 0):
 garbage-first heap   total 81920K, used 33959K [0x0000000080000000, 0x0000000100000000)
  region size 1024K, 3 young (3072K), 3 survivors (3072K)
 Metaspace       used 37860K, committed 39232K, reserved 487424K
  class space    used 5130K, committed 5824K, reserved 421888K
}
Event: 27.762 GC heap before
{Heap before GC invocations=11 (full 0):
 garbage-first heap   total 81920K, used 34983K [0x0000000080000000, 0x0000000100000000)
  region size 1024K, 4 young (4096K), 3 survivors (3072K)
 Metaspace       used 37988K, committed 39360K, reserved 487424K
  class space    used 5151K, committed 5824K, reserved 421888K
}
Event: 27.767 GC heap after
{Heap after GC invocations=12 (full 0):
 garbage-first heap   total 81920K, used 34109K [0x0000000080000000, 0x0000000100000000)
  region size 1024K, 1 young (1024K), 1 survivors (1024K)
 Metaspace       used 37988K, committed 39360K, reserved 487424K
  class space    used 5151K, committed 5824K, reserved 421888K
}
Event: 29.800 GC heap before
{Heap before GC invocations=12 (full 0):
 garbage-first heap   total 81920K, used 61757K [0x0000000080000000, 0x0000000100000000)
  region size 1024K, 29 young (29696K), 1 survivors (1024K)
 Metaspace       used 41530K, committed 42944K, reserved 487424K
  class space    used 5741K, committed 6464K, reserved 421888K
}
Event: 29.805 GC heap after
{Heap after GC invocations=13 (full 0):
 garbage-first heap   total 163840K, used 35805K [0x0000000080000000, 0x0000000100000000)
  region size 1024K, 2 young (2048K), 2 survivors (2048K)
 Metaspace       used 41530K, committed 42944K, reserved 487424K
  class space    used 5741K, committed 6464K, reserved 421888K
}
Event: 36.925 GC heap before
{Heap before GC invocations=13 (full 0):
 garbage-first heap   total 163840K, used 124893K [0x0000000080000000, 0x0000000100000000)
  region size 1024K, 84 young (86016K), 2 survivors (2048K)
 Metaspace       used 51622K, committed 53440K, reserved 487424K
  class space    used 7154K, committed 8128K, reserved 421888K
}
Event: 36.935 GC heap after
{Heap after GC invocations=14 (full 0):
 garbage-first heap   total 163840K, used 47767K [0x0000000080000000, 0x0000000100000000)
  region size 1024K, 8 young (8192K), 8 survivors (8192K)
 Metaspace       used 51622K, committed 53440K, reserved 487424K
  class space    used 7154K, committed 8128K, reserved 421888K
}
Event: 39.691 GC heap before
{Heap before GC invocations=14 (full 0):
 garbage-first heap   total 163840K, used 109207K [0x0000000080000000, 0x0000000100000000)
  region size 1024K, 69 young (70656K), 8 survivors (8192K)
 Metaspace       used 58429K, committed 60288K, reserved 487424K
  class space    used 8018K, committed 9024K, reserved 421888K
}
Event: 39.722 GC heap after
{Heap after GC invocations=15 (full 0):
 garbage-first heap   total 163840K, used 52966K [0x0000000080000000, 0x0000000100000000)
  region size 1024K, 6 young (6144K), 6 survivors (6144K)
 Metaspace       used 58429K, committed 60288K, reserved 487424K
  class space    used 8018K, committed 9024K, reserved 421888K
}
Event: 43.939 GC heap before
{Heap before GC invocations=16 (full 0):
 garbage-first heap   total 163840K, used 124646K [0x0000000080000000, 0x0000000100000000)
  region size 1024K, 77 young (78848K), 6 survivors (6144K)
 Metaspace       used 63934K, committed 65792K, reserved 487424K
  class space    used 8863K, committed 9856K, reserved 421888K
}
Event: 43.950 GC heap after
{Heap after GC invocations=17 (full 0):
 garbage-first heap   total 163840K, used 57751K [0x0000000080000000, 0x0000000100000000)
  region size 1024K, 10 young (10240K), 10 survivors (10240K)
 Metaspace       used 63934K, committed 65792K, reserved 487424K
  class space    used 8863K, committed 9856K, reserved 421888K
}
Event: 43.996 GC heap before
{Heap before GC invocations=17 (full 0):
 garbage-first heap   total 163840K, used 58775K [0x0000000080000000, 0x0000000100000000)
  region size 1024K, 11 young (11264K), 10 survivors (10240K)
 Metaspace       used 64089K, committed 66048K, reserved 487424K
  class space    used 8881K, committed 9920K, reserved 421888K
}
Event: 44.035 GC heap after
{Heap after GC invocations=18 (full 0):
 garbage-first heap   total 163840K, used 58565K [0x0000000080000000, 0x0000000100000000)
  region size 1024K, 2 young (2048K), 2 survivors (2048K)
 Metaspace       used 64089K, committed 66048K, reserved 487424K
  class space    used 8881K, committed 9920K, reserved 421888K
}
Event: 48.187 GC heap before
{Heap before GC invocations=18 (full 0):
 garbage-first heap   total 163840K, used 128197K [0x0000000080000000, 0x0000000100000000)
  region size 1024K, 69 young (70656K), 2 survivors (2048K)
 Metaspace       used 69560K, committed 71488K, reserved 487424K
  class space    used 9482K, committed 10496K, reserved 421888K
}
Event: 48.194 GC heap after
{Heap after GC invocations=19 (full 0):
 garbage-first heap   total 163840K, used 66780K [0x0000000080000000, 0x0000000100000000)
  region size 1024K, 8 young (8192K), 8 survivors (8192K)
 Metaspace       used 69560K, committed 71488K, reserved 487424K
  class space    used 9482K, committed 10496K, reserved 421888K
}
Event: 50.813 GC heap before
{Heap before GC invocations=19 (full 0):
 garbage-first heap   total 163840K, used 135388K [0x0000000080000000, 0x0000000100000000)
  region size 1024K, 68 young (69632K), 8 survivors (8192K)
 Metaspace       used 75357K, committed 77376K, reserved 552960K
  class space    used 10160K, committed 11200K, reserved 421888K
}
Event: 50.831 GC heap after
{Heap after GC invocations=20 (full 0):
 garbage-first heap   total 163840K, used 74148K [0x0000000080000000, 0x0000000100000000)
  region size 1024K, 8 young (8192K), 8 survivors (8192K)
 Metaspace       used 75357K, committed 77376K, reserved 552960K
  class space    used 10160K, committed 11200K, reserved 421888K
}
Event: 52.269 GC heap before
{Heap before GC invocations=20 (full 0):
 garbage-first heap   total 163840K, used 128420K [0x0000000080000000, 0x0000000100000000)
  region size 1024K, 61 young (62464K), 8 survivors (8192K)
 Metaspace       used 77668K, committed 79616K, reserved 552960K
  class space    used 10469K, committed 11520K, reserved 421888K
}
Event: 52.281 GC heap after
{Heap after GC invocations=21 (full 0):
 garbage-first heap   total 163840K, used 78647K [0x0000000080000000, 0x0000000100000000)
  region size 1024K, 5 young (5120K), 5 survivors (5120K)
 Metaspace       used 77668K, committed 79616K, reserved 552960K
  class space    used 10469K, committed 11520K, reserved 421888K
}

