# JRE version: Java(TM) SE Runtime Environment (19.0+36) (build 19+36-2238)
# Java VM: Java HotSpot(TM) 64-Bit Server VM (19+36-2238, mixed mode, sharing, tiered, compressed oops, compressed class ptrs, g1 gc, windows-amd64)
GC Precious Log:
 CardTable entry size: 512
 Card Set container configuration: InlinePtr #cards 5 size 8 Array Of Cards #cards 12 size 40 Howl #buckets 4 coarsen threshold 1843 Howl Bitmap #cards 512 size 80 coarsen threshold 460 Card regions per heap region 1 cards per card region 2048
 CPUs: 12 total, 12 available
 Memory: 7863M
 Large Page Support: Disabled
 NUMA Support: Disabled
 Compressed Oops: Enabled (32-bit)
 Heap Region Size: 1M
 Heap Min Capacity: 8M
 Heap Initial Capacity: 124M
 Heap Max Capacity: 2G
 Pre-touch: Disabled
 Parallel Workers: 10
 Concurrent Workers: 3
 Concurrent Refinement Workers: 10
 Periodic GC: Disabled
Heap:
 garbage-first heap   total 167936K, used 115246K [0x0000000080000000, 0x0000000100000000)
  region size 1024K, 49 young (50176K), 8 survivors (8192K)
 Metaspace       used 75163K, committed 77120K, reserved 552960K
  class space    used 10117K, committed 11136K, reserved 421888K
GC Heap History (20 events):
Event: 44.209 GC heap before
{Heap before GC invocations=12 (full 0):
 garbage-first heap   total 81920K, used 62165K [0x0000000080000000, 0x0000000100000000)
  region size 1024K, 30 young (30720K), 1 survivors (1024K)
 Metaspace       used 41100K, committed 42624K, reserved 487424K
  class space    used 5667K, committed 6464K, reserved 421888K
}
Event: 44.218 GC heap after
{Heap after GC invocations=13 (full 0):
 garbage-first heap   total 81920K, used 35118K [0x0000000080000000, 0x0000000100000000)
  region size 1024K, 3 young (3072K), 3 survivors (3072K)
 Metaspace       used 41100K, committed 42624K, reserved 487424K
  class space    used 5667K, committed 6464K, reserved 421888K
}
Event: 45.493 GC heap before
{Heap before GC invocations=13 (full 0):
 garbage-first heap   total 81920K, used 61742K [0x0000000080000000, 0x0000000100000000)
  region size 1024K, 30 young (30720K), 3 survivors (3072K)
 Metaspace       used 44927K, committed 46528K, reserved 487424K
  class space    used 6211K, committed 7040K, reserved 421888K
}
Event: 45.503 GC heap after
{Heap after GC invocations=14 (full 0):
 garbage-first heap   total 81920K, used 36345K [0x0000000080000000, 0x0000000100000000)
  region size 1024K, 2 young (2048K), 2 survivors (2048K)
 Metaspace       used 44927K, committed 46528K, reserved 487424K
  class space    used 6211K, committed 7040K, reserved 421888K
}
Event: 46.294 GC heap before
{Heap before GC invocations=14 (full 0):
 garbage-first heap   total 81920K, used 50681K [0x0000000080000000, 0x0000000100000000)
  region size 1024K, 15 young (15360K), 2 survivors (2048K)
 Metaspace       used 45527K, committed 47104K, reserved 487424K
  class space    used 6290K, committed 7104K, reserved 421888K
}
Event: 46.299 GC heap after
{Heap after GC invocations=15 (full 0):
 garbage-first heap   total 81920K, used 40184K [0x0000000080000000, 0x0000000100000000)
  region size 1024K, 4 young (4096K), 4 survivors (4096K)
 Metaspace       used 45527K, committed 47104K, reserved 487424K
  class space    used 6290K, committed 7104K, reserved 421888K
}
Event: 47.428 GC heap before
{Heap before GC invocations=15 (full 0):
 garbage-first heap   total 81920K, used 67832K [0x0000000080000000, 0x0000000100000000)
  region size 1024K, 28 young (28672K), 4 survivors (4096K)
 Metaspace       used 49449K, committed 51136K, reserved 487424K
  class space    used 6764K, committed 7616K, reserved 421888K
}
Event: 47.444 GC heap after
{Heap after GC invocations=16 (full 0):
 garbage-first heap   total 81920K, used 46097K [0x0000000080000000, 0x0000000100000000)
  region size 1024K, 3 young (3072K), 3 survivors (3072K)
 Metaspace       used 49449K, committed 51136K, reserved 487424K
  class space    used 6764K, committed 7616K, reserved 421888K
}
Event: 48.369 GC heap before
{Heap before GC invocations=16 (full 0):
 garbage-first heap   total 81920K, used 66577K [0x0000000080000000, 0x0000000100000000)
  region size 1024K, 23 young (23552K), 3 survivors (3072K)
 Metaspace       used 51815K, committed 53632K, reserved 487424K
  class space    used 7177K, committed 8128K, reserved 421888K
}
Event: 48.376 GC heap after
{Heap after GC invocations=17 (full 0):
 garbage-first heap   total 81920K, used 46990K [0x0000000080000000, 0x0000000100000000)
  region size 1024K, 2 young (2048K), 2 survivors (2048K)
 Metaspace       used 51815K, committed 53632K, reserved 487424K
  class space    used 7177K, committed 8128K, reserved 421888K
}
Event: 49.002 GC heap before
{Heap before GC invocations=18 (full 0):
 garbage-first heap   total 83968K, used 65422K [0x0000000080000000, 0x0000000100000000)
  region size 1024K, 20 young (20480K), 2 survivors (2048K)
 Metaspace       used 53773K, committed 55616K, reserved 487424K
  class space    used 7442K, committed 8448K, reserved 421888K
}
Event: 49.007 GC heap after
{Heap after GC invocations=19 (full 0):
 garbage-first heap   total 167936K, used 48040K [0x0000000080000000, 0x0000000100000000)
  region size 1024K, 3 young (3072K), 3 survivors (3072K)
 Metaspace       used 53773K, committed 55616K, reserved 487424K
  class space    used 7442K, committed 8448K, reserved 421888K
}
Event: 49.205 GC heap before
{Heap before GC invocations=19 (full 0):
 garbage-first heap   total 167936K, used 53160K [0x0000000080000000, 0x0000000100000000)
  region size 1024K, 8 young (8192K), 3 survivors (3072K)
 Metaspace       used 54357K, committed 56256K, reserved 487424K
  class space    used 7532K, committed 8512K, reserved 421888K
}
Event: 49.209 GC heap after
{Heap after GC invocations=20 (full 0):
 garbage-first heap   total 167936K, used 48124K [0x0000000080000000, 0x0000000100000000)
  region size 1024K, 1 young (1024K), 1 survivors (1024K)
 Metaspace       used 54357K, committed 56256K, reserved 487424K
  class space    used 7532K, committed 8512K, reserved 421888K
}
Event: 53.068 GC heap before
{Heap before GC invocations=20 (full 0):
 garbage-first heap   total 167936K, used 113660K [0x0000000080000000, 0x0000000100000000)
  region size 1024K, 66 young (67584K), 1 survivors (1024K)
 Metaspace       used 60926K, committed 62784K, reserved 487424K
  class space    used 8370K, committed 9344K, reserved 421888K
}
Event: 53.076 GC heap after
{Heap after GC invocations=21 (full 0):
 garbage-first heap   total 167936K, used 52538K [0x0000000080000000, 0x0000000100000000)
  region size 1024K, 5 young (5120K), 5 survivors (5120K)
 Metaspace       used 60926K, committed 62784K, reserved 487424K
  class space    used 8370K, committed 9344K, reserved 421888K
}
Event: 56.582 GC heap before
{Heap before GC invocations=21 (full 0):
 garbage-first heap   total 167936K, used 119098K [0x0000000080000000, 0x0000000100000000)
  region size 1024K, 70 young (71680K), 5 survivors (5120K)
 Metaspace       used 66250K, committed 68160K, reserved 487424K
  class space    used 9099K, committed 10112K, reserved 421888K
}
Event: 56.594 GC heap after
{Heap after GC invocations=22 (full 0):
 garbage-first heap   total 167936K, used 58752K [0x0000000080000000, 0x0000000100000000)
  region size 1024K, 9 young (9216K), 9 survivors (9216K)
 Metaspace       used 66250K, committed 68160K, reserved 487424K
  class space    used 9099K, committed 10112K, reserved 421888K
}
Event: 59.193 GC heap before
{Heap before GC invocations=22 (full 0):
 garbage-first heap   total 167936K, used 124288K [0x0000000080000000, 0x0000000100000000)
  region size 1024K, 72 young (73728K), 9 survivors (9216K)
 Metaspace       used 72586K, committed 74496K, reserved 487424K
  class space    used 9800K, committed 10816K, reserved 421888K
}
Event: 59.206 GC heap after
{Heap after GC invocations=23 (full 0):
 garbage-first heap   total 167936K, used 68142K [0x0000000080000000, 0x0000000100000000)
  region size 1024K, 8 young (8192K), 8 survivors (8192K)
 Metaspace       used 72586K, committed 74496K, reserved 487424K
  class space    used 9800K, committed 10816K, reserved 421888K
}

