# JRE version: Java(TM) SE Runtime Environment (19.0+36) (build 19+36-2238)
# Java VM: Java HotSpot(TM) 64-Bit Server VM (19+36-2238, mixed mode, sharing, tiered, compressed oops, compressed class ptrs, g1 gc, windows-amd64)
GC Precious Log:
 CardTable entry size: 512
 Card Set container configuration: InlinePtr #cards 5 size 8 Array Of Cards #cards 12 size 40 Howl #buckets 4 coarsen threshold 1843 Howl Bitmap #cards 512 size 80 coarsen threshold 460 Card regions per heap region 1 cards per card region 2048
 CPUs: 12 total, 12 available
 Memory: 7863M
 Large Page Support: Disabled
 NUMA Support: Disabled
 Compressed Oops: Enabled (32-bit)
 Heap Region Size: 1M
 Heap Min Capacity: 8M
 Heap Initial Capacity: 124M
 Heap Max Capacity: 2G
 Pre-touch: Disabled
 Parallel Workers: 10
 Concurrent Workers: 3
 Concurrent Refinement Workers: 10
 Periodic GC: Disabled
Heap:
 garbage-first heap   total 137216K, used 107894K [0x0000000080000000, 0x0000000100000000)
  region size 1024K, 36 young (36864K), 3 survivors (3072K)
 Metaspace       used 77869K, committed 79808K, reserved 552960K
  class space    used 10479K, committed 11520K, reserved 421888K
GC Heap History (20 events):
Event: 47.588 GC heap before
{Heap before GC invocations=16 (full 0):
 garbage-first heap   total 81920K, used 67038K [0x0000000080000000, 0x0000000100000000)
  region size 1024K, 25 young (25600K), 4 survivors (4096K)
 Metaspace       used 52009K, committed 53760K, reserved 487424K
  class space    used 7199K, committed 8128K, reserved 421888K
}
Event: 47.596 GC heap after
{Heap after GC invocations=17 (full 0):
 garbage-first heap   total 81920K, used 46802K [0x0000000080000000, 0x0000000100000000)
  region size 1024K, 2 young (2048K), 2 survivors (2048K)
 Metaspace       used 52009K, committed 53760K, reserved 487424K
  class space    used 7199K, committed 8128K, reserved 421888K
}
Event: 48.514 GC heap before
{Heap before GC invocations=18 (full 0):
 garbage-first heap   total 83968K, used 66258K [0x0000000080000000, 0x0000000100000000)
  region size 1024K, 21 young (21504K), 2 survivors (2048K)
 Metaspace       used 54034K, committed 55808K, reserved 487424K
  class space    used 7484K, committed 8448K, reserved 421888K
}
Event: 48.520 GC heap after
{Heap after GC invocations=19 (full 0):
 garbage-first heap   total 129024K, used 47846K [0x0000000080000000, 0x0000000100000000)
  region size 1024K, 3 young (3072K), 3 survivors (3072K)
 Metaspace       used 54034K, committed 55808K, reserved 487424K
  class space    used 7484K, committed 8448K, reserved 421888K
}
Event: 50.145 GC heap before
{Heap before GC invocations=19 (full 0):
 garbage-first heap   total 129024K, used 93926K [0x0000000080000000, 0x0000000100000000)
  region size 1024K, 48 young (49152K), 3 survivors (3072K)
 Metaspace       used 59195K, committed 60992K, reserved 487424K
  class space    used 8104K, committed 9088K, reserved 421888K
}
Event: 50.152 GC heap after
{Heap after GC invocations=20 (full 0):
 garbage-first heap   total 129024K, used 50953K [0x0000000080000000, 0x0000000100000000)
  region size 1024K, 6 young (6144K), 6 survivors (6144K)
 Metaspace       used 59195K, committed 60992K, reserved 487424K
  class space    used 8104K, committed 9088K, reserved 421888K
}
Event: 52.510 GC heap before
{Heap before GC invocations=20 (full 0):
 garbage-first heap   total 129024K, used 97033K [0x0000000080000000, 0x0000000100000000)
  region size 1024K, 51 young (52224K), 6 survivors (6144K)
 Metaspace       used 62503K, committed 64320K, reserved 487424K
  class space    used 8587K, committed 9536K, reserved 421888K
}
Event: 52.519 GC heap after
{Heap after GC invocations=21 (full 0):
 garbage-first heap   total 129024K, used 54489K [0x0000000080000000, 0x0000000100000000)
  region size 1024K, 7 young (7168K), 7 survivors (7168K)
 Metaspace       used 62503K, committed 64320K, reserved 487424K
  class space    used 8587K, committed 9536K, reserved 421888K
}
Event: 55.118 GC heap before
{Heap before GC invocations=21 (full 0):
 garbage-first heap   total 129024K, used 98521K [0x0000000080000000, 0x0000000100000000)
  region size 1024K, 51 young (52224K), 7 survivors (7168K)
 Metaspace       used 66404K, committed 68288K, reserved 487424K
  class space    used 9126K, committed 10112K, reserved 421888K
}
Event: 55.127 GC heap after
{Heap after GC invocations=22 (full 0):
 garbage-first heap   total 129024K, used 59368K [0x0000000080000000, 0x0000000100000000)
  region size 1024K, 7 young (7168K), 7 survivors (7168K)
 Metaspace       used 66404K, committed 68288K, reserved 487424K
  class space    used 9126K, committed 10112K, reserved 421888K
}
Event: 56.634 GC heap before
{Heap before GC invocations=22 (full 0):
 garbage-first heap   total 129024K, used 102376K [0x0000000080000000, 0x0000000100000000)
  region size 1024K, 48 young (49152K), 7 survivors (7168K)
 Metaspace       used 69712K, committed 71552K, reserved 487424K
  class space    used 9473K, committed 10432K, reserved 421888K
}
Event: 56.643 GC heap after
{Heap after GC invocations=23 (full 0):
 garbage-first heap   total 129024K, used 65979K [0x0000000080000000, 0x0000000100000000)
  region size 1024K, 5 young (5120K), 5 survivors (5120K)
 Metaspace       used 69712K, committed 71552K, reserved 487424K
  class space    used 9473K, committed 10432K, reserved 421888K
}
Event: 57.330 GC heap before
{Heap before GC invocations=23 (full 0):
 garbage-first heap   total 129024K, used 82363K [0x0000000080000000, 0x0000000100000000)
  region size 1024K, 22 young (22528K), 5 survivors (5120K)
 Metaspace       used 72518K, committed 74432K, reserved 487424K
  class space    used 9785K, committed 10752K, reserved 421888K
}
Event: 57.337 GC heap after
{Heap after GC invocations=24 (full 0):
 garbage-first heap   total 129024K, used 69272K [0x0000000080000000, 0x0000000100000000)
  region size 1024K, 4 young (4096K), 4 survivors (4096K)
 Metaspace       used 72518K, committed 74432K, reserved 487424K
  class space    used 9785K, committed 10752K, reserved 421888K
}
Event: 58.274 GC heap before
{Heap before GC invocations=25 (full 0):
 garbage-first heap   total 137216K, used 107160K [0x0000000080000000, 0x0000000100000000)
  region size 1024K, 35 young (35840K), 4 survivors (4096K)
 Metaspace       used 74388K, committed 76224K, reserved 552960K
  class space    used 10031K, committed 11008K, reserved 421888K
}
Event: 58.281 GC heap after
{Heap after GC invocations=26 (full 0):
 garbage-first heap   total 137216K, used 73270K [0x0000000080000000, 0x0000000100000000)
  region size 1024K, 5 young (5120K), 5 survivors (5120K)
 Metaspace       used 74388K, committed 76224K, reserved 552960K
  class space    used 10031K, committed 11008K, reserved 421888K
}
Event: 58.308 GC heap before
{Heap before GC invocations=26 (full 0):
 garbage-first heap   total 137216K, used 74294K [0x0000000080000000, 0x0000000100000000)
  region size 1024K, 6 young (6144K), 5 survivors (5120K)
 Metaspace       used 74474K, committed 76352K, reserved 552960K
  class space    used 10039K, committed 11008K, reserved 421888K
}
Event: 58.312 GC heap after
{Heap after GC invocations=27 (full 0):
 garbage-first heap   total 137216K, used 73358K [0x0000000080000000, 0x0000000100000000)
  region size 1024K, 1 young (1024K), 1 survivors (1024K)
 Metaspace       used 74474K, committed 76352K, reserved 552960K
  class space    used 10039K, committed 11008K, reserved 421888K
}
Event: 59.320 GC heap before
{Heap before GC invocations=27 (full 0):
 garbage-first heap   total 137216K, used 108174K [0x0000000080000000, 0x0000000100000000)
  region size 1024K, 35 young (35840K), 1 survivors (1024K)
 Metaspace       used 77512K, committed 79424K, reserved 552960K
  class space    used 10437K, committed 11456K, reserved 421888K
}
Event: 59.326 GC heap after
{Heap after GC invocations=28 (full 0):
 garbage-first heap   total 137216K, used 75126K [0x0000000080000000, 0x0000000100000000)
  region size 1024K, 3 young (3072K), 3 survivors (3072K)
 Metaspace       used 77512K, committed 79424K, reserved 552960K
  class space    used 10437K, committed 11456K, reserved 421888K
}

